pinf-1, 0-1
pinf-2, 3-1
ginf-1, 2-1
ginf-2, 3-1
0
pinf-3, 1-1
0
pinf-4, 1-2
ginf-3, 5-1
Ok
ginf-4, 0-1
pinf-5, 7-1
minf-1, 6-1
ginf-5, 6-1
pinf-6, 7-2
pinf-7, 7-3
egi-1, 7-1
0
pinf-8, 7-4
ginf-6, 6-2
ginf-7, 0-2
pinf-9, 1-3
pinf-10, 0-2
ginf-8, 2-2
ginf-9, 2-3
pinf-11, 5-1
0
pinf-12, 5-2
minf-2, 6-2
pinf-13, 4-1
0
Group does not exist
pinf-14, 7-5
Ok
The person with this number does not exist
egi-2, 7-2
0
Ok
pinf-15, 5-3
ginf-10, 4-1
None
pinf-16, 0-3
ginf-11, 5-2
minf-3, 0-1
ginf-12, 4-2
ginf-13, 0-3
0
epi-1, 6-1
pinf-17, 2-1
er-1, 7-1, 7-1
pinf-18, 1-4
2
Ok
pinf-19, 1-5
pinf-20, 1-6
0
pinf-21, 1-7
pinf-22, 4-2
pinf-23, 4-3
ginf-14, 0-4
pinf-24, 1-8
2
ginf-15, 0-5
ginf-16, 0-6
ginf-17, 5-3
0
epi-2, 7-1
egi-3, 4-1
pinf-25, 3-2
epi-3, 7-2
0
0
0
ginf-18, 0-7
pinf-26, 3-3
0
pinf-27, 5-4
pinf-28, 0-4
epi-4, 6-2
pinf-29, 1-9
pinf-30, 4-4
minf-4, 7-1
pinf-31, 0-5
pinf-32, 3-4
2
ginf-19, 1-1
2
ginf-20, 0-8
0
0
Ok
Group does not exist
Group does not exist
Ok
0
0
Ok
pinf-33, 0-6
The person with this number does not exist
pinf-34, 2-2
Ok
pinf-35, 2-3
None
egi-4, 2-1
epi-5, 7-3
pinf-36, 0-7
0
0
pinf-37, 0-8
ginf-21, 0-9
ginf-22, 6-3
ginf-23, 3-2
3
pinf-38, 3-5
0
minf-5, 7-2
pinf-39, 0-9
0
None
pinf-40, 0-10
pinf-41, 5-5
pinf-42, 0-11
0
egi-5, 2-2
ginf-24, 3-3
pinf-43, 2-4
None
minf-6, 1-1
pinf-44, 3-6
0
egi-6, 2-3
minf-7, 2-1
0
0
anf-1, 1-1
ginf-25, 0-10
epi-6, 1-1
pinf-45, 0-12
pinf-46, 0-13
Ok
Ok
0
egi-7, 7-3
pinf-47, 4-5
4
egi-8, 2-4
pinf-48, 4-6
pinf-49, 0-14
pinf-50, 0-15
epi-7, 2-1
pinf-51, 4-7
ginf-26, 3-4
pinf-52, 5-6
0
egi-9, 1-1
minf-8, 1-2
The person with this number does not exist
rnf-1, 2-1, 6-1
0
0
egi-10, 6-1
ginf-27, 0-11
minf-9, 3-1
Ok
Ok
egi-11, 7-4
The person with this number does not exist
pinf-53, 0-16
5
Ok
Ok
ginf-28, 3-5
er-2, 1-1, 1-1
pinf-54, 5-7
pinf-55, 5-8
minf-10, 4-1
anf-2, 7-1
None
egi-12, 5-1
epi-8, 6-3
minf-11, 2-2
pinf-56, 4-8
0
0
Ok
None
false
minf-12, 1-3
0
egi-13, 5-2
0
Ok
0
epi-9, 0-1
pinf-57, 4-9
None
Ok
5
0
egi-14, 7-5
0
0
Ok
Ok
minf-13, 1-4
epi-10, 3-1
pinf-58, 5-9
pinf-59, 4-10
Ok
er-3, 1-2, 2-1
rnf-2, 0-1, 3-1
0
pinf-60, 5-10
1
ginf-29, 3-6
0
1
pinf-61, 5-11
5
1
0
pinf-62, 5-12
0
Ok
false
pinf-63, 5-13
None
ginf-30, 3-7
epi-11, 2-2
ginf-31, 3-8
0
0
minf-14, 4-2
4
Ok
4
false
epi-12, 1-2
The person with this number does not exist
0
epi-13, 0-2
1
0
None
pinf-64, 5-14
0
rnf-3, 4-1, 6-2
Ok
0
rnf-4, 0-2, 4-2
Ok
Ok
0
false
Ok
epi-14, 4-1
0
None
4
0
Ok
Ok
Ok
er-4, 1-3, 1-3
2
Ok
epi-15, 1-3
None
Ok
epi-16, 2-3
0
true
0
Ok
0
Ok
rnf-5, 0-3, 4-3
anf-3, 5-1
egi-15, 7-6
minf-15, 3-2
0
Ok
1
false
epi-17, 2-4
Ok
0
0
false
Ok
emi-1, 0-1
3
0
0
egi-16, 4-2
3
0
epi-18, 7-4
true
0
rnf-6, 3-2, 4-4
0
true
0
rnf-7, 5-1, 7-1
1
epi-19, 4-2
Ok
rnf-8, 1-1, 5-2
None
epi-20, 6-4
0
rnf-9, 1-2, 5-3
epi-21, 0-3
rnf-10, 2-2, 5-4
epi-22, 1-4
0
epi-23, 7-5
0
Ok
None
198
2
epi-24, 7-6
0
1
Ok
None
1
1
rnf-11, 2-3, 7-2
1
rnf-12, 3-3, 6-3
1
pinf-65, 1-10
None
Ok
0
65
2
rnf-13, 4-5, 6-4
true
Ok
7
Ok
7
true
0
0
0
egi-17, 3-1
0
epi-25, 2-5
rnf-14, 3-4, 7-3
2
1
0
0
None
2
1
emi-2, 1-1
epi-26, 4-3
egi-18, 3-2
None
Ok
0
true
rnf-15, 4-6, 6-5
epi-27, 7-7
0
0
epi-28, 0-4
epi-29, 3-2
0
true
pinf-66, 1-11
emi-3, 1-2
false
0
pinf-67, 1-12
rnf-16, 0-4, 3-5
0
0
2
egi-19, 4-3
epi-30, 6-5
0
emi-4, 7-1
rnf-17, 6-6, 7-4
0
epi-31, 5-1
er-5, 1-4, 3-1
epi-32, 0-5
0
None
2
rnf-18, 0-5, 2-4
65
Ok
0
2
0
Ok
egi-20, 6-2
Ok
epi-33, 6-6
0
2
None
0
2
0
epi-34, 5-2
None
2
egi-21, 2-5
28
true
Ok
28
0
0
emi-5, 3-1
egi-22, 4-4
true
Ok
true
false
epi-35, 3-3
0
epi-36, 3-4
Ok
true
2
6
Ok
minf-16, 5-1
2
Ok
None
false
0
true
emi-6, 7-2
0
pinf-68, 1-13
epi-37, 4-4
true
0
Ok
true
minf-17, 5-2
None
2
egi-23, 4-5
None
Ok
0
2
egi-24, 7-7
Ok
2
0
Ok
None
2
er-6, 6-1, 6-1
Ok
0
epi-38, 2-6
3
epi-39, 2-7
Ok
true
0
er-7, 1-5, 1-5
pinf-69, 6-1
0
Ok
epi-40, 0-6
epi-41, 7-8
0
6
epi-42, 5-3
None
12
Ok
epi-43, 5-4
0
pinf-70, 6-2
true
epi-44, 7-9
epi-45, 5-5
pinf-71, 6-3
true
minf-18, 5-3
1
3
None
emi-7, 7-3
epi-46, 4-5
3
0
Ok
Ok
37
egi-25, 2-6
epi-47, 4-6
egi-26, 4-6
Ok
Ok
1
egi-27, 4-7
5
rnf-19, 4-7, 6-7
pinf-72, 1-14
0
minf-19, 5-4
0
er-8, 1-6, 6-2
4
1
er-9, 2-2, 6-3
28
4
4
epi-48, 1-5
egi-28, 7-8
2
epi-49, 7-10
Ok
emi-8, 2-1
4
epi-50, 3-5
None
Ok
None
0
Ok
true
rnf-20, 0-6, 3-6
rnf-21, 0-7, 3-7
epi-51, 6-7
egi-29, 0-1
emi-9, 7-4
0
Ok
4
rnf-22, 0-8, 3-8
epi-52, 6-8
0
rnf-23, 0-9, 3-9
28
egi-30, 5-3
Ok
7
7
true
Ok
7
2
Ok
true
-219
epi-53, 7-11
true
4
true
epi-54, 1-6
0
er-10, 2-3, 7-2
epi-55, 7-12
er-11, 2-4, 5-1
epi-56, 2-8
rnf-24, 0-10, 5-5
28
1
true
true
7
11
Ok
Ok
er-12, 1-7, 6-4
emi-10, 3-2
0
Ok
Ok
Ordinary message: 2
rnf-25, 1-3, 5-6
true
pinf-73, 6-4
3
0
true
epi-57, 2-9
epi-58, 4-7
rnf-26, 4-8, 6-8
rnf-27, 4-9, 6-9
1
1
1
rnf-28, 4-10, 6-10
13
pinf-74, 1-15
minf-20, 5-5
epi-59, 2-10
pinf-75, 1-16
Ok
1
318
pinf-76, 6-5
minf-21, 5-6
14
Ok
0
egi-31, 5-4
0
0
epi-60, 5-6
rnf-29, 0-11, 3-10
0
0
1
0
13
2
true
pinf-77, 6-6
0
true
pinf-78, 6-7
true
Ok
epi-61, 6-9
epi-62, 0-7
epi-63, 5-7
13
0
1
2
egi-32, 5-5
epi-64, 0-8
emi-11, 1-3
0
Ok
Ok
rnf-30, 0-12, 3-11
emi-12, 3-3
Ok
2
1
2
Ok
rnf-31, 0-13, 2-5
1
75
6
None
1
emi-13, 4-1
epi-65, 1-7
Ok
0
pinf-79, 6-8
Ok
None
epi-66, 0-9
true
2
0
2
Ok
pinf-80, 1-17
4
1
None
0
15
1
None
epi-67, 3-6
0
Ok
0
-219
0
4
Ok
-219
2
minf-22, 5-7
0
15
0
37
392
Ok
emi-14, 1-4
true
rnf-32, 4-11, 6-11
pinf-81, 1-18
epi-68, 1-8
0
0
rnf-33, 1-4, 4-12
1
rnf-34, 4-13, 6-12
0
0
epi-69, 4-8
0
egi-33, 4-8
-219
0
Ok
0
0
2
Ok
emi-15, 3-4
1
pinf-82, 1-19
-219
332
0
true
None
2
None
epi-70, 2-11
2
None
2
242
Ok
2
2
18
0
egi-34, 6-3
0
epi-71, 0-10
rnf-35, 4-14, 6-13
egi-35, 7-9
6
er-13, 5-2, 5-2
epi-72, 1-9
er-14, 3-2, 6-5
Ordinary message: 2
0
0
None
epi-73, 0-11
true
pinf-83, 6-9
Ok
2
epi-74, 7-13
2
1
pinf-84, 1-20
emi-16, 6-1
epi-75, 2-12
egi-36, 2-7
2
emi-17, 3-5
2
epi-76, 4-9
emi-18, 0-2
epi-77, 4-10
Ok
0
er-15, 0-1, 2-5
0
0
1
emi-19, 0-3
true
None
1
Ok
118
1
-219
epi-78, 4-11
1
0
emi-20, 3-6
2
pinf-85, 1-21
epi-79, 3-7
rnf-36, 4-15, 5-7
2
egi-37, 7-10
egi-38, 0-2
epi-80, 4-12
18
pinf-86, 6-10
pinf-87, 1-22
Ok
0
true
Ok
egi-39, 4-9
4
epi-81, 6-10
epi-82, 5-8
0
egi-40, 7-11
2
0
Ok
epi-83, 2-13
242
egi-41, 3-3
rnf-37, 4-16, 6-14
20
2
65
2
egi-42, 0-3
egi-43, 1-2
pinf-88, 1-23
epi-84, 5-9
Ok
minf-23, 5-8
pinf-89, 1-24
emi-21, 7-5
epi-85, 3-8
None
Ok
0
1
epi-86, 6-11
None
0
None
2
egi-44, 7-12
pinf-90, 1-25
2
3
24
Ok
epi-87, 6-12
0
4
epi-88, 3-9
emi-22, 0-4
1
0
24
pinf-91, 1-26
er-16, 0-2, 3-3
epi-89, 5-10
1
1
er-17, 2-6, 7-3
1
egi-45, 5-6
2
Ok
Ok
165
None
Ok
Ok
0
er-18, 0-3, 7-4
true
er-19, 6-6, 6-6
rnf-38, 0-14, 1-5
epi-90, 1-10
0
2
pinf-92, 1-27
er-20, 1-8, 2-7
4
Ok
4
0
24
pinf-93, 1-28
epi-91, 0-12
24
Ok
egi-46, 0-4
1
egi-47, 2-8
226
egi-48, 0-5
pinf-94, 1-29
0
6
24
Ok
278
pinf-95, 1-30
egi-49, 6-4
pinf-96, 1-31
er-21, 0-4, 5-3
epi-92, 7-14
egi-50, 6-5
6
24
0
egi-51, 2-9
emi-23, 7-6
epi-93, 6-13
0
epi-94, 6-14
true
egi-52, 0-6
Ok
minf-24, 5-9
egi-53, 4-10
egi-54, 6-6
er-22, 2-8, 7-5
4
None
minf-25, 5-10
282
epi-95, 5-11
1
0
282
2
rnf-39, 4-17, 6-15
rnf-40, 5-8, 6-16
None
epi-96, 6-15
egi-55, 3-4
3
emi-24, 2-2
egi-56, 6-7
1
278
None
24
24
epi-97, 5-12
282
0
emi-25, 6-2
0
0
true
Ok
0
0
2
pinf-97, 1-32
epi-98, 0-13
0
er-23, 0-5, 5-4
4
epi-99, 1-11
2
63
0
0
Ordinary message: 6
emi-26, 4-2
4
pinf-98, 1-33
0
None
0
0
51
44
true
0
Ok
epi-100, 5-13
1
2
0
er-24, 5-5, 7-6
er-25, 1-9, 2-9
Ok
2
18
Ok
Ok
0
121
epi-101, 2-14
24
6
4
1
Ordinary message: 2
er-26, 3-4, 5-6
Ok
er-27, 1-10, 3-5
17
0
2
epi-102, 4-13
1
0
true
epi-103, 4-14
er-28, 3-6, 6-7
98
0
4
None
egi-57, 2-10
epi-104, 4-15
0
true
0
emi-27, 4-3
Ok
minf-26, 5-11
epi-105, 5-14
3
None
1
0
epi-106, 2-15
51
epi-107, 5-15
1
Ok
Ok
0
Ordinary message: 2
51
2
egi-58, 2-11
minf-27, 5-12
Ok
true
egi-59, 7-13
Ok
24
true
egi-60, 3-5
0
None
epi-108, 7-15
epi-109, 6-16
egi-61, 4-11
Ok
rnf-41, 6-17, 7-5
pinf-99, 6-11
84
epi-110, 1-12
egi-62, 5-7
egi-63, 4-12
278
3
566
51
egi-64, 2-12
Ok
0
1
7
epi-111, 3-10
egi-65, 0-7
512
3
egi-66, 4-13
3
17
272
None
egi-67, 6-8
true
egi-68, 5-8
epi-112, 2-16
er-29, 2-10, 7-7
7
0
1
Ok
566
4
emi-28, 6-3
0
51
egi-69, 4-14
epi-113, 4-16
0
1
None
true
epi-114, 2-17
1
emi-29, 6-4
24
3
pinf-100, 1-34
Ok
0
epi-115, 4-17
epi-116, 6-17
186
Ok
24
512
0
3
Ok
24
128
minf-28, 5-13
3
None
3
emi-30, 6-5
3
0
Ok
egi-70, 2-13
true
epi-117, 3-11
epi-118, 3-12
er-30, 2-11, 5-7
true
1
true
3
24
None
24
Ok
Ok
Ok
0
512
epi-119, 1-13
3
emi-31, 6-6
5
51
272
1
Ok
17
er-31, 1-11, 2-12
566
111
4
4
24
4
egi-71, 2-14
586
3
true
er-32, 5-8, 5-8
er-33, 1-12, 2-13
pinf-101, 1-35
epi-120, 3-13
None
75
0
24
3
epi-121, 5-16
egi-72, 7-14
epi-122, 0-14
3
1
epi-123, 1-14
Ok
3
Ok
rnf-42, 4-18, 6-18
3
egi-73, 6-9
emi-32, 5-1
Ok
512
epi-124, 5-17
24
er-34, 3-7, 7-8
epi-125, 2-18
rnf-43, 4-19, 6-19
epi-126, 3-14
true
emi-33, 2-3
Ok
512
rnf-44, 4-20, 5-9
0
epi-127, 1-15
1
er-35, 6-8, 6-8
0
true
emi-34, 5-2
egi-74, 0-8
1
rnf-45, 6-20, 7-6
566
132
4
egi-75, 4-15
None
652
0
epi-128, 7-16
Ok
er-36, 1-13, 6-9
96
0
Ok
0
3
epi-129, 5-18
96
epi-130, 3-15
epi-131, 3-16
er-37, 0-6, 6-10
true
None
egi-76, 6-10
4
24
1
epi-132, 6-18
51
0
Ok
0
true
emi-35, 0-5
0
3
1
true
24
24
1
emi-36, 2-4
0
7
24
3
3
epi-133, 6-19
1070
emi-37, 0-6
45
Ok
minf-29, 5-14
Ok
0
er-38, 0-7, 2-14
Ok
epi-134, 5-19
er-39, 0-8, 2-15
true
true
er-40, 0-9, 7-9
3
Ok
1
27
Ok
4
3
1
3
1
None
epi-135, 4-18
0
egi-77, 2-15
111
3
Ok
3
true
2
pinf-102, 1-36
7
egi-78, 4-16
pinf-103, 6-12
17
Ok
128
4
epi-136, 0-15
3
7
502
5
97
epi-137, 2-19
512
512
128
epi-138, 5-20
51
Ok
true
true
1
Ok
0
Ok
1
713
0
None
None
epi-139, 5-21
egi-79, 1-3
epi-140, 6-20
64
0
true
egi-80, 2-16
Ok
emi-38, 1-5
26
Ok
5
epi-141, 6-21
emi-39, 4-4
5
pinf-104, 1-37
true
26
Ok
true
pinf-105, 6-13
Ok
emi-40, 4-5
emi-41, 6-7
Ok
true
er-41, 1-14, 2-16
Ordinary message: 5
Ok
None
Ok
egi-81, 1-4
true
3
128
2
713
3
Ok
1
1
Ordinary message: 5
Ok
18
2
emi-42, 2-5
18
18
true
epi-142, 7-17
0
epi-143, 0-16
Ok
epi-144, 0-17
0
51
0
1
18
0
emi-43, 6-8
epi-145, 6-22
0
pinf-106, 1-38
None
0
er-42, 2-17, 2-17
272
Ok
egi-82, 2-17
Ok
egi-83, 4-17
Ok
0
true
rnf-46, 4-21, 6-21
2
Ok
0
18
802
-303
epi-146, 6-23
epi-147, 5-22
epi-148, 2-20
2
18
713
0
true
er-43, 1-15, 1-15
5
Ok
1
0
-303
epi-149, 1-16
18
1
egi-84, 2-18
pinf-107, 6-14
0
-303
epi-150, 7-18
5
rnf-47, 0-15, 4-22
Ordinary message: 6
egi-85, 7-15
emi-44, 1-6
Ok
epi-151, 4-19
Ok
egi-86, 3-6
egi-87, 5-9
Ok
2
0
0
Ok
er-44, 3-8, 6-11
egi-88, 2-19
Ok
346
1
Ok
2
Ok
Ok
er-45, 2-18, 6-12
true
0
rnf-48, 2-6, 7-7
epi-152, 5-23
1328
rnf-49, 0-16, 1-6
2
emi-45, 3-7
540
epi-153, 2-21
420
0
true
5
None
Ok
None
Ok
1
true
rnf-50, 4-23, 6-22
Ok
pinf-108, 6-15
emi-46, 6-9
emi-47, 7-7
1
1
18
44
egi-89, 4-18
Ok
524
Ok
1
true
0
5
1
512
Ok
Ok
978
Ok
egi-90, 0-9
748
0
egi-91, 2-20
Ok
egi-92, 1-5
1
true
epi-154, 0-18
748
2
rnf-51, 2-7, 7-8
1
epi-155, 3-17
Ok
21
Ok
egi-93, 1-6
0
true
Ok
0
1
er-46, 2-19, 4-1
egi-94, 2-21
300
epi-156, 3-18
0
Ok
300
epi-157, 0-19
Ok
420
109
epi-158, 4-20
1
emi-48, 5-3
Ok
Ok
790
egi-95, 6-11
emi-49, 5-4
epi-159, 1-17
Ok
emi-50, 3-8
pinf-109, 6-16
egi-96, 6-12
Ok
rnf-52, 2-8, 3-12
1
egi-97, 4-19
Ok
epi-160, 3-19
0
1712
26
1
0
rnf-53, 2-9, 7-9
egi-98, 7-16
0
1
2
Ok
egi-99, 5-10
emi-51, 5-5
1
1
egi-100, 0-10
epi-161, 6-24
None
0
0
Ok
143
epi-162, 7-19
emi-52, 7-8
None
Ordinary message: 5
1
emi-53, 5-6
epi-163, 0-20
true
973
196
emi-54, 6-10
1
minf-30, 0-2
5
pinf-110, 1-39
218
egi-101, 1-7
epi-164, 3-20
21
Ok
Ordinary message: 5
109
0
1477
21
epi-165, 1-18
true
epi-166, 7-20
Ok
2
egi-102, 0-11
21
epi-167, 2-22
epi-168, 6-25
1
pinf-111, 1-40
0
epi-169, 2-23
egi-103, 7-17
pinf-112, 1-41
1712
0
5
21
epi-170, 6-26
rnf-54, 0-17, 1-7
None
973
epi-171, 2-24
2
7
pinf-113, 6-17
epi-172, 5-24
21
Ordinary message: 6
21
epi-173, 5-25
pinf-114, 6-18
egi-104, 5-11
epi-174, 4-21
minf-31, 1-5
2
21
Ok
461
minf-32, 0-3
506
21
egi-105, 6-13
2
emi-55, 5-7
Ok
2
true
None
er-47, 1-16, 3-9
0
270
21
emi-56, 2-6
0
rnf-55, 4-24, 6-23
rnf-56, 1-8, 7-10
None
Ok
minf-33, 0-4
epi-175, 3-21
er-48, 3-10, 3-10
1712
egi-106, 7-18
epi-176, 4-22
Ok
2
true
144
666
epi-177, 2-25
rnf-57, 0-18, 5-10
Ok
21
pinf-115, 1-42
epi-178, 3-22
epi-179, 1-19
1
21
er-49, 0-10, 6-13
Ok
emi-57, 6-11
Ok
egi-107, 0-12
21
minf-34, 1-6
2
er-50, 7-10, 7-10
epi-180, 6-27
epi-181, 4-23
epi-182, 4-24
pinf-116, 4-11
pinf-117, 4-12
2
rnf-58, 1-9, 7-11
true
Ok
969
er-51, 4-2, 7-11
21
emi-58, 6-12
4
epi-183, 3-23
47
109
egi-108, 2-22
None
201
er-52, 4-3, 7-12
epi-184, 5-26
egi-109, 2-23
1
2
true
2
minf-35, 3-3
1063
2
epi-185, 2-26
er-53, 4-4, 7-13
emi-59, 4-6
2
er-54, 0-11, 3-11
0
2
emi-60, 5-8
er-55, 4-5, 4-5
4
47
pinf-118, 4-13
0
0
21
98
egi-110, 3-7
epi-186, 0-21
1578
2
0
epi-187, 7-21
true
1
5
1
2
epi-188, 2-27
true
Ok
4
2
egi-111, 5-12
epi-189, 2-28
epi-190, 2-29
0
Ok
epi-191, 0-22
4
epi-192, 4-25
epi-193, 0-23
pinf-119, 1-43
Ok
0
epi-194, 3-24
2
2
emi-61, 6-13
540
0
Ok
0
epi-195, 1-20
Ok
epi-196, 0-24
Ok
Ordinary message: 5
14
0
true
21
Ok
epi-197, 4-26
Ok
Ordinary message: 2
pinf-120, 6-19
44
1
Ok
er-56, 0-12, 7-14
epi-198, 1-21
2
Ok
Ok
2
epi-199, 0-25
Ok
218
44
epi-200, 1-22
1
1
er-57, 0-13, 2-20
0
1
1063
Ok
None
emi-62, 3-9
798
egi-112, 7-19
rnf-59, 4-25, 6-24
1
epi-201, 6-28
Ok
rnf-60, 2-10, 3-13
21
er-58, 0-14, 7-15
21
pinf-121, 6-20
1
egi-113, 3-8
1038
Ok
egi-114, 1-8
270
true
Ordinary message: 6
rnf-61, 0-19, 4-26
0
5
epi-202, 1-23
2
Ok
epi-203, 4-27
0
true
1
1928
0
7
25
pinf-122, 6-21
1
Ok
Ok
-976
1598
Ok
epi-204, 0-26
egi-115, 7-20
pinf-123, 1-44
epi-205, 2-30
true
2082
epi-206, 6-29
emi-63, 0-7
0
1418
egi-116, 0-13
25
1418
None
egi-117, 7-21
pinf-124, 4-14
Ok
er-59, 4-6, 7-16
er-60, 3-12, 6-14
epi-207, 1-24
Ok
rnf-62, 0-20, 4-27
0
Ok
18
-976
epi-208, 7-22
emi-64, 0-8
emi-65, 0-9
emi-66, 5-9
epi-209, 2-31
18
egi-118, 0-14
rnf-63, 0-21, 4-28
true
969
Ok
0
true
1
true
Ok
rnf-64, 4-29, 6-25
Ordinary message: 6
506
5
true
egi-119, 6-14
17
Ok
2
egi-120, 2-24
1
true
egi-121, 1-9
29
0
1290
Ok
pinf-125, 1-45
14
969
7
egi-122, 2-25
0
Ordinary message: 6
er-61, 1-17, 6-15
2
true
5
true
er-62, 1-18, 3-13
epi-210, 1-25
None
Ok
egi-123, 6-15
epi-211, 1-26
0
emi-67, 4-7
1418
5
Ok
286
-679
-679
5
None
true
5
1178
99
Ordinary message: 2
Ok
Ok
Ok
epi-212, 7-23
emi-68, 7-9
-1237
1
true
1804
epi-213, 6-30
2
0
true
epi-214, 1-27
emi-69, 7-10
pinf-126, 1-46
0
Ok
epi-215, 2-32
5
er-63, 1-19, 6-16
1
epi-216, 7-24
pinf-127, 6-22
emi-70, 7-11
0
2
epi-217, 5-27
Ok
0
24
17
epi-218, 3-25
41
83
1
egi-124, 7-22
true
0
epi-219, 3-26
Ok
1
29
er-64, 5-9, 6-17
29
1
egi-125, 7-23
2
7
2
epi-220, 5-28
Ok
epi-221, 2-33
rnf-65, 0-22, 4-30
emi-71, 3-10
Ok
Ordinary message: 5
Ok
5
975
Ok
epi-222, 6-31
Ok
402
1280
er-65, 0-15, 2-21
Ordinary message: 6
None
-2053
egi-126, 3-9
2
41
0
